----------------------------------------------------------------
Thu Aug 20 19:24:46 BST 2015:
Booting Derby version The Apache Software Foundation - Apache Derby - 10.8.2.2 - (1181258): instance a816c00e-014f-4c5b-2718-00000a6a1440 
on database directory \\psf\Home\BIS\BIS Completed Projects\JavaProject - Finished\JavaProject - Finished\JavaProject - 11 Mar 843pm\DATABASE  with class loader sun.misc.Launcher$AppClassLoader@55f96302 
Loaded from file://psf/Home/BIS/BIS%20Completed%20Projects/JavaProject%20-%20Finished/derby.jar
java.vendor=Oracle Corporation
java.runtime.version=1.8.0_51-b16
user.dir=\\psf\Home\BIS\BIS Completed Projects\JavaProject - Finished\JavaProject - Finished\JavaProject - 11 Mar 843pm
derby.system.home=null
Database Class Loader started - derby.database.classpath=''
----------------------------------------------------------------
Thu Aug 20 19:24:56 BST 2015:
Shutting down instance a816c00e-014f-4c5b-2718-00000a6a1440 on database directory \\psf\Home\BIS\BIS Completed Projects\JavaProject - Finished\JavaProject - Finished\JavaProject - 11 Mar 843pm\DATABASE with class loader sun.misc.Launcher$AppClassLoader@55f96302 
----------------------------------------------------------------
Thu Aug 20 19:24:58 BST 2015:
Booting Derby version The Apache Software Foundation - Apache Derby - 10.8.2.2 - (1181258): instance 40348015-014f-4c5b-2718-00000a6a1440 
on database directory \\psf\Home\BIS\BIS Completed Projects\JavaProject - Finished\JavaProject - Finished\JavaProject - 11 Mar 843pm\DATABASE  with class loader sun.misc.Launcher$AppClassLoader@55f96302 
Loaded from file://psf/Home/BIS/BIS%20Completed%20Projects/JavaProject%20-%20Finished/derby.jar
java.vendor=Oracle Corporation
java.runtime.version=1.8.0_51-b16
user.dir=\\psf\Home\BIS\BIS Completed Projects\JavaProject - Finished\JavaProject - Finished\JavaProject - 11 Mar 843pm
derby.system.home=null
Database Class Loader started - derby.database.classpath=''
----------------------------------------------------------------
Thu Aug 20 19:25:28 BST 2015:
Shutting down instance 40348015-014f-4c5b-2718-00000a6a1440 on database directory \\psf\Home\BIS\BIS Completed Projects\JavaProject - Finished\JavaProject - Finished\JavaProject - 11 Mar 843pm\DATABASE with class loader sun.misc.Launcher$AppClassLoader@55f96302 
----------------------------------------------------------------
Thu Aug 20 19:25:30 BST 2015:
Booting Derby version The Apache Software Foundation - Apache Derby - 10.8.2.2 - (1181258): instance 80840021-014f-4c5b-2718-00000a6a1440 
on database directory \\psf\Home\BIS\BIS Completed Projects\JavaProject - Finished\JavaProject - Finished\JavaProject - 11 Mar 843pm\DATABASE  with class loader sun.misc.Launcher$AppClassLoader@55f96302 
Loaded from file://psf/Home/BIS/BIS%20Completed%20Projects/JavaProject%20-%20Finished/derby.jar
java.vendor=Oracle Corporation
java.runtime.version=1.8.0_51-b16
user.dir=\\psf\Home\BIS\BIS Completed Projects\JavaProject - Finished\JavaProject - Finished\JavaProject - 11 Mar 843pm
derby.system.home=null
Database Class Loader started - derby.database.classpath=''
